<?xml version="1.0" encoding="UTF-8"?>
<!-- Generated by org.testng.reporters.JUnitXMLReporter -->
<testsuite ignored="0" hostname="DESKTOP-4DEG18L" failures="1" tests="1" name="OpencartTest(failed)" time="33.113" errors="0" timestamp="2022-12-18T21:23:36 AEDT">
  <testcase classname="testCases.TC_002_LoginTest" name="test_login" time="21.417">
    <failure type="java.lang.AssertionError" message="LOGIN TEST Failed expected [true] but found [false]">
      <![CDATA[java.lang.AssertionError: LOGIN TEST Failed expected [true] but found [false]
at testCases.TC_002_LoginTest.test_login(TC_002_LoginTest.java:38)
at java.base/java.util.ArrayList.forEach(ArrayList.java:1511)
... Removed 32 stack frames]]>
    </failure>
  </testcase> <!-- test_login -->
</testsuite> <!-- OpencartTest(failed) -->
