<?xml version="1.0" encoding="UTF-8"?>
<!-- Generated by org.testng.reporters.JUnitXMLReporter -->
<testsuite ignored="0" hostname="DESKTOP-4DEG18L" failures="1" tests="2" name="OpencartTest" time="23.801" errors="0" timestamp="2023-01-02T19:50:42 AEDT">
  <testcase classname="testCases.TC_001_AccountRegistrationTest" name="test_account_Registration" time="2.29"/>
  <testcase classname="testCases.TC_002_LoginTest" name="test_login" time="0.928">
    <failure type="java.lang.AssertionError" message="null">
      <![CDATA[java.lang.AssertionError: null
at testCases.TC_002_LoginTest.test_login(TC_002_LoginTest.java:42)
at java.base/java.util.ArrayList.forEach(ArrayList.java:1511)
... Removed 31 stack frames]]>
    </failure>
  </testcase> <!-- test_login -->
</testsuite> <!-- OpencartTest -->
