<?xml version="1.0" encoding="UTF-8"?>
<!-- Generated by org.testng.reporters.JUnitXMLReporter -->
<testsuite ignored="0" hostname="DESKTOP-4DEG18L" failures="1" tests="1" name="OpencartTest" time="34.709" errors="0" timestamp="2022-12-28T16:18:19 AEDT">
  <testcase classname="testCases.TC_004_SearchProductTest" name="test_productSearch" time="23.133">
    <failure type="java.lang.AssertionError" message="expected [true] but found [false]">
      <![CDATA[java.lang.AssertionError: expected [true] but found [false]
at testCases.TC_004_SearchProductTest.test_productSearch(TC_004_SearchProductTest.java:32)
at java.base/java.util.ArrayList.forEach(ArrayList.java:1511)
... Removed 33 stack frames]]>
    </failure>
  </testcase> <!-- test_productSearch -->
</testsuite> <!-- OpencartTest -->
